<?xml version="1.0" encoding="UTF-8"?>
<!-- Generated by org.testng.reporters.JUnitXMLReporter -->
<testsuite hostname="vamshi" failures="0" tests="4" name="Test" time="0.155" errors="0" timestamp="18 Jul 2022 09:52:13 GMT">
  <testcase classname="maven_Test.TestngExampleTest1" name="practice1Test" time="0.027"/>
  <testcase classname="maven_Test.TestngExampleTest1" name="practice2Test" time="0.002"/>
  <testcase classname="maven_Test.TestngExampleTest2" name="practice1Test" time="0.003"/>
  <testcase classname="maven_Test.TestngExampleTest2" name="practice2Test" time="0.002"/>
</testsuite> <!-- Test -->
