<?xml version="1.0" encoding="UTF-8"?>
<!-- Generated by org.testng.reporters.JUnitXMLReporter -->
<testsuite hostname="vamshi" name="Test" tests="4" failures="0" timestamp="18 Jul 2022 09:54:21 GMT" time="0.025" errors="0">
  <testcase name="practice1Test" time="0.008" classname="maven_Test.TestngExampleTest1"/>
  <testcase name="practice2Test" time="0.0" classname="maven_Test.TestngExampleTest1"/>
  <testcase name="practice1Test" time="0.0" classname="maven_Test.TestngExampleTest2"/>
  <testcase name="practice2Test" time="0.0" classname="maven_Test.TestngExampleTest2"/>
</testsuite> <!-- Test -->
