<?xml version="1.0" encoding="UTF-8"?>
<testng-results skipped="0" failed="0" total="2" passed="2">
  <reporter-output>
    <line>
      <![CDATA[TYSS--->test1]]>
    </line>
    <line>
      <![CDATA[TYSS--->test2]]>
    </line>
  </reporter-output>
  <suite name="Surefire suite" duration-ms="88" started-at="2022-07-18T09:56:50Z" finished-at="2022-07-18T09:56:50Z">
    <groups>
    </groups>
    <test name="Surefire test" duration-ms="88" started-at="2022-07-18T09:56:50Z" finished-at="2022-07-18T09:56:50Z">
      <class name="maven_Test.TestngExampleTest1">
        <test-method status="PASS" signature="practice1Test()[pri:0, instance:maven_Test.TestngExampleTest1@1e88b3c]" name="practice1Test" duration-ms="68" started-at="2022-07-18T15:26:50Z" finished-at="2022-07-18T15:26:50Z">
          <reporter-output>
            <line>
              <![CDATA[TYSS--->test1]]>
            </line>
          </reporter-output>
        </test-method> <!-- practice1Test -->
        <test-method status="PASS" signature="practice2Test()[pri:0, instance:maven_Test.TestngExampleTest1@1e88b3c]" name="practice2Test" duration-ms="1" started-at="2022-07-18T15:26:50Z" finished-at="2022-07-18T15:26:50Z">
          <reporter-output>
            <line>
              <![CDATA[TYSS--->test2]]>
            </line>
          </reporter-output>
        </test-method> <!-- practice2Test -->
      </class> <!-- maven_Test.TestngExampleTest1 -->
    </test> <!-- Surefire test -->
  </suite> <!-- Surefire suite -->
</testng-results>
