<?xml version="1.0" encoding="UTF-8"?>
<testng-results total="4" passed="4" failed="0" skipped="0">
  <reporter-output>
    <line>
      <![CDATA[TYSS--->test1]]>
    </line>
    <line>
      <![CDATA[TYSS--->test2]]>
    </line>
    <line>
      <![CDATA[TYSS--->test3]]>
    </line>
    <line>
      <![CDATA[TYSS--->test4]]>
    </line>
  </reporter-output>
  <suite started-at="2022-07-18T09:52:13Z" name="Suite" finished-at="2022-07-18T09:52:13Z" duration-ms="155">
    <groups>
    </groups>
    <test started-at="2022-07-18T09:52:13Z" name="Test" finished-at="2022-07-18T09:52:13Z" duration-ms="155">
      <class name="maven_Test.TestngExampleTest1">
        <test-method signature="practice1Test()[pri:0, instance:maven_Test.TestngExampleTest1@6d167f58]" started-at="2022-07-18T15:22:13Z" name="practice1Test" finished-at="2022-07-18T15:22:13Z" duration-ms="27" status="PASS">
          <reporter-output>
            <line>
              <![CDATA[TYSS--->test1]]>
            </line>
          </reporter-output>
        </test-method> <!-- practice1Test -->
        <test-method signature="practice2Test()[pri:0, instance:maven_Test.TestngExampleTest1@6d167f58]" started-at="2022-07-18T15:22:13Z" name="practice2Test" finished-at="2022-07-18T15:22:13Z" duration-ms="2" status="PASS">
          <reporter-output>
            <line>
              <![CDATA[TYSS--->test2]]>
            </line>
          </reporter-output>
        </test-method> <!-- practice2Test -->
      </class> <!-- maven_Test.TestngExampleTest1 -->
      <class name="maven_Test.TestngExampleTest2">
        <test-method signature="practice1Test()[pri:0, instance:maven_Test.TestngExampleTest2@327bcebd]" started-at="2022-07-18T15:22:13Z" name="practice1Test" finished-at="2022-07-18T15:22:13Z" duration-ms="3" status="PASS">
          <reporter-output>
            <line>
              <![CDATA[TYSS--->test3]]>
            </line>
          </reporter-output>
        </test-method> <!-- practice1Test -->
        <test-method signature="practice2Test()[pri:0, instance:maven_Test.TestngExampleTest2@327bcebd]" started-at="2022-07-18T15:22:13Z" name="practice2Test" finished-at="2022-07-18T15:22:13Z" duration-ms="2" status="PASS">
          <reporter-output>
            <line>
              <![CDATA[TYSS--->test4]]>
            </line>
          </reporter-output>
        </test-method> <!-- practice2Test -->
      </class> <!-- maven_Test.TestngExampleTest2 -->
    </test> <!-- Test -->
  </suite> <!-- Suite -->
</testng-results>
